<?xml version="1.0" encoding="UTF-8" ?>
<testsuite tests="2" failures="1" name="loginSuccessfullyTest" time="23.023" errors="0" skipped="0">
  <properties>
[...]
</properties>
  <testcase classname="loginSuccessfullyTest" name="[Outer]" time="3.625"/>
  <testcase classname="loginSuccessfullyTest" name="send email" time="19.398">
    <failure message="Specification has exception(s). See output HTML for details." type="org.concordion.internal.ConcordionAssertionError">org.concordion.internal.ConcordionAssertionError: Specification has exception(s). See output HTML for details.
	at org.concordion.internal.ImplementationStatusChecker$3.assertIsSatisfied(ImplementationStatusChecker.java:104)
	at org.concordion.internal.SummarizingResultRecorder.assertIsSatisfied(SummarizingResultRecorder.java:45)
	at org.concordion.internal.FixtureRunner.printResultSummary(FixtureRunner.java:79)
	at org.concordion.internal.FixtureRunner.run(FixtureRunner.java:67)
	at org.concordion.integration.junit4.ConcordionRunner.invoke(ConcordionRunner.java:203)
	at org.concordion.integration.junit4.ConcordionRunner$1.invoke(ConcordionRunner.java:31)
	at org.concordion.integration.junit4.ConcordionFrameworkMethod.invokeExplosively(ConcordionFrameworkMethod.java:58)
	at org.junit.internal.runners.statements.InvokeMethod.evaluate(InvokeMethod.java:17)
	at org.junit.runners.ParentRunner.runLeaf(ParentRunner.java:325)
	at org.junit.runners.BlockJUnit4ClassRunner.runChild(BlockJUnit4ClassRunner.java:78)
	at org.concordion.integration.junit4.ConcordionRunner.runChild(ConcordionRunner.java:187)
	at org.concordion.integration.junit4.ConcordionRunner.runChild(ConcordionRunner.java:23)
	at org.junit.runners.ParentRunner$3.run(ParentRunner.java:290)
	at org.junit.runners.ParentRunner$1.schedule(ParentRunner.java:71)
	at org.junit.runners.ParentRunner.runChildren(ParentRunner.java:288)
	at org.junit.runners.ParentRunner.access$000(ParentRunner.java:58)
	at org.junit.runners.ParentRunner$2.evaluate(ParentRunner.java:268)
	at org.junit.runners.ParentRunner.run(ParentRunner.java:363)
	at org.concordion.integration.junit4.ConcordionRunner.run(ConcordionRunner.java:146)
	at org.apache.maven.surefire.junit4.JUnit4Provider.execute(JUnit4Provider.java:252)
	at org.apache.maven.surefire.junit4.JUnit4Provider.executeTestSet(JUnit4Provider.java:141)
	at org.apache.maven.surefire.junit4.JUnit4Provider.invoke(JUnit4Provider.java:112)
	at sun.reflect.NativeMethodAccessorImpl.invoke0(Native Method)
	at sun.reflect.NativeMethodAccessorImpl.invoke(NativeMethodAccessorImpl.java:62)
	at sun.reflect.DelegatingMethodAccessorImpl.invoke(DelegatingMethodAccessorImpl.java:43)
	at java.lang.reflect.Method.invoke(Method.java:498)
	at org.apache.maven.surefire.util.ReflectionUtils.invokeMethodWithArray(ReflectionUtils.java:189)
	at org.apache.maven.surefire.booter.ProviderFactory$ProviderProxy.invoke(ProviderFactory.java:165)
	at org.apache.maven.surefire.booter.ProviderFactory.invokeProvider(ProviderFactory.java:85)
	at org.apache.maven.surefire.booter.ForkedBooter.runSuitesInProcess(ForkedBooter.java:115)
	at org.apache.maven.surefire.booter.ForkedBooter.main(ForkedBooter.java:75)
</failure>
    <system-out>
file:///Users/rupert/workspace/Chris Starling collaboration/gmailSBE/target/specs/loginSuccessfully.html#send email
Successes: 2, Failures: 0, Exceptions: 3
</system-out>
    <system-err>Starting ChromeDriver 2.31.488774 (7e15618d1bf16df8bf0ecf2914ed1964a387ba0b) on port 45910
Only local connections are allowed.
Sep 06, 2017 11:35:06 AM org.openqa.selenium.remote.ProtocolHandshake createSession
INFO: Attempting bi-dialect session, assuming Postel&apos;s Law holds true on the remote end
Sep 06, 2017 11:35:07 AM org.openqa.selenium.remote.ProtocolHandshake createSession
INFO: Detected dialect: OSS
</system-err>
  </testcase>
</testsuite>